d:\unity2021\unity 2021.3.6f1c1\project\cppcontrol\cppcontrol\x64\debug\cppcontrol.pch
d:\unity2021\unity 2021.3.6f1c1\project\cppcontrol\cppcontrol\x64\debug\vc142.pdb
d:\unity2021\unity 2021.3.6f1c1\project\cppcontrol\cppcontrol\x64\debug\vc142.idb
d:\unity2021\unity 2021.3.6f1c1\project\cppcontrol\cppcontrol\x64\debug\pch.obj
d:\unity2021\unity 2021.3.6f1c1\project\cppcontrol\cppcontrol\x64\debug\cppcarcontrol.obj
d:\unity2021\unity 2021.3.6f1c1\project\cppcontrol\cppcontrol\x64\debug\dllmain.obj
d:\unity2021\unity 2021.3.6f1c1\project\cppcontrol\cppcontrol\x64\debug\cppcontrol.lib
d:\unity2021\unity 2021.3.6f1c1\project\cppcontrol\cppcontrol\x64\debug\cppcontrol.exp
d:\unity2021\unity 2021.3.6f1c1\project\cppcontrol\cppcontrol\x64\debug\cppcontrol.ilk
d:\unity2021\unity 2021.3.6f1c1\project\cppcontrol\cppcontrol\x64\debug\cppcontrol.dll
d:\unity2021\unity 2021.3.6f1c1\project\cppcontrol\cppcontrol\x64\debug\cppcontrol.pdb
d:\unity2021\unity 2021.3.6f1c1\project\tactic\cppcontrol\x64\debug\cppcarcontrol.obj
d:\unity2021\unity 2021.3.6f1c1\project\tactic\cppcontrol\x64\debug\dllmain.obj
d:\unity2021\unity 2021.3.6f1c1\project\tactic\cppcontrol\x64\debug\pch.obj
d:\unity2021\unity 2021.3.6f1c1\project\tactic\cppcontrol\x64\debug\cppcontrol.ilk
d:\unity2021\unity 2021.3.6f1c1\project\tactic\cppcontrol\x64\debug\cppcontrol.pch
d:\unity2021\unity 2021.3.6f1c1\project\tactic\cppcontrol\x64\debug\cppcontrol.exp
d:\unity2021\unity 2021.3.6f1c1\project\tactic\cppcontrol\x64\debug\vc142.idb
d:\unity2021\unity 2021.3.6f1c1\project\tactic\cppcontrol\x64\debug\cppcontrol.pdb
d:\unity2021\unity 2021.3.6f1c1\project\tactic\cppcontrol\x64\debug\vc142.pdb
d:\unity2021\unity 2021.3.6f1c1\project\tactic\cppcontrol\x64\debug\cppcontrol.dll
d:\unity2021\unity 2021.3.6f1c1\project\tactic\cppcontrol\x64\debug\cppcontrol.tlog\cl.command.1.tlog
d:\unity2021\unity 2021.3.6f1c1\project\tactic\cppcontrol\x64\debug\cppcontrol.tlog\cl.read.1.tlog
d:\unity2021\unity 2021.3.6f1c1\project\tactic\cppcontrol\x64\debug\cppcontrol.tlog\cl.write.1.tlog
d:\unity2021\unity 2021.3.6f1c1\project\tactic\cppcontrol\x64\debug\cppcontrol.tlog\cppcontrol.write.1u.tlog
d:\unity2021\unity 2021.3.6f1c1\project\tactic\cppcontrol\x64\debug\cppcontrol.tlog\link.command.1.tlog
d:\unity2021\unity 2021.3.6f1c1\project\tactic\cppcontrol\x64\debug\cppcontrol.tlog\link.read.1.tlog
d:\unity2021\unity 2021.3.6f1c1\project\tactic\cppcontrol\x64\debug\cppcontrol.tlog\link.write.1.tlog
